INFO: 2020-12-09 12:45:28,251: main() 'Using profile folder /home/sid/.config/variety/'
INFO: 2020-12-09 12:45:28,258: perform_upgrade() 'Last run version was 0.8.4 or earlier, current version is 0.8.4'
INFO: 2020-12-09 12:45:28,858: process_command() 'Received command: ['-n']'
INFO: 2020-12-09 12:45:28,860: load_banned() 'Missing or invalid banned URLs list, no URLs will be banned'
INFO: 2020-12-09 12:45:29,446: start() 'Using data_path /usr/share/variety'
INFO: 2020-12-09 12:45:29,446: load() 'Jumble loading'
INFO: 2020-12-09 12:45:29,449: _walk_modules() 'Jumble loading module in __init__ from /usr/lib/python3.8/site-packages/variety/plugins/builtin/__init__.py'
INFO: 2020-12-09 12:45:29,454: _walk_modules() 'Jumble loading module in UnsplashConfigurableSource from /usr/lib/python3.8/site-packages/variety/plugins/builtin/downloaders/UnsplashConfigurableSource.py'
INFO: 2020-12-09 12:45:29,467: load() 'Jumble found plugin class: <class 'UnsplashConfigurableSource.UnsplashConfigurableSource'>: {'name': 'UnsplashConfigurableSource', 'description': 'Configurable source for fetching photos from Unsplash.com', 'author': 'Peter Levi', 'version': '0.1'}'
INFO: 2020-12-09 12:45:29,469: _walk_modules() 'Jumble loading module in EarthviewDownloader from /usr/lib/python3.8/site-packages/variety/plugins/builtin/downloaders/EarthviewDownloader.py'
INFO: 2020-12-09 12:45:29,472: load() 'Jumble found plugin class: <class 'EarthviewDownloader.EarthviewDownloader'>: {'name': 'EarthviewDownloader', 'description': 'Google Earth View Wallpapers', 'author': 'Peter Levi', 'version': '0.1'}'
INFO: 2020-12-09 12:45:29,474: _walk_modules() 'Jumble loading module in MediaRSSDownloader from /usr/lib/python3.8/site-packages/variety/plugins/builtin/downloaders/MediaRSSDownloader.py'
INFO: 2020-12-09 12:45:29,478: _walk_modules() 'Jumble loading module in MediaRSSSource from /usr/lib/python3.8/site-packages/variety/plugins/builtin/downloaders/MediaRSSSource.py'
INFO: 2020-12-09 12:45:29,483: load() 'Jumble found plugin class: <class 'MediaRSSSource.MediaRSSSource'>: {'name': 'MediaRSSSource', 'description': 'Configurable source for fetching images from MediaRSS feeds', 'author': 'Peter Levi', 'version': '0.1'}'
INFO: 2020-12-09 12:45:29,484: _walk_modules() 'Jumble loading module in BingDownloader from /usr/lib/python3.8/site-packages/variety/plugins/builtin/downloaders/BingDownloader.py'
INFO: 2020-12-09 12:45:29,487: load() 'Jumble found plugin class: <class 'BingDownloader.BingDownloader'>: {'name': 'BingDownloader', 'description': 'Bing Photo of the Day', 'author': 'Peter Levi', 'version': '0.1'}'
INFO: 2020-12-09 12:45:29,488: _walk_modules() 'Jumble loading module in RedditSource from /usr/lib/python3.8/site-packages/variety/plugins/builtin/downloaders/RedditSource.py'
INFO: 2020-12-09 12:45:29,492: load() 'Jumble found plugin class: <class 'RedditSource.RedditSource'>: {'name': 'RedditSource', 'description': 'Configurable source for fetching images from Reddit', 'author': 'Peter Levi', 'version': '0.1'}'
INFO: 2020-12-09 12:45:29,492: _walk_modules() 'Jumble loading module in __init__ from /usr/lib/python3.8/site-packages/variety/plugins/builtin/downloaders/__init__.py'
INFO: 2020-12-09 12:45:29,493: _walk_modules() 'Jumble loading module in UnsplashDownloader from /usr/lib/python3.8/site-packages/variety/plugins/builtin/downloaders/UnsplashDownloader.py'
INFO: 2020-12-09 12:45:29,494: load() 'Jumble found plugin class: <class 'UnsplashDownloader.UnsplashDownloader'>: {'name': 'UnsplashDownloader', 'description': 'High-resolution photos from Unsplash.com', 'author': 'Peter Levi', 'version': '0.1'}'
INFO: 2020-12-09 12:45:29,494: _walk_modules() 'Jumble loading module in RedditDownloader from /usr/lib/python3.8/site-packages/variety/plugins/builtin/downloaders/RedditDownloader.py'
INFO: 2020-12-09 12:45:29,496: _walk_modules() 'Jumble loading module in WallhavenDownloader from /usr/lib/python3.8/site-packages/variety/plugins/builtin/downloaders/WallhavenDownloader.py'
INFO: 2020-12-09 12:45:29,498: _walk_modules() 'Jumble loading module in APODDownloader from /usr/lib/python3.8/site-packages/variety/plugins/builtin/downloaders/APODDownloader.py'
INFO: 2020-12-09 12:45:29,500: load() 'Jumble found plugin class: <class 'APODDownloader.APODDownloader'>: {'name': 'APODDownloader', 'description': 'NASA Astro Pic of the Day', 'author': 'Peter Levi', 'version': '0.1'}'
INFO: 2020-12-09 12:45:29,509: _walk_modules() 'Jumble loading module in WallhavenSource from /usr/lib/python3.8/site-packages/variety/plugins/builtin/downloaders/WallhavenSource.py'
INFO: 2020-12-09 12:45:29,511: load() 'Jumble found plugin class: <class 'WallhavenSource.WallhavenSource'>: {'name': 'WallhavenSource', 'description': 'Configurable source for fetching images from Wallhaven.cc', 'author': 'Peter Levi', 'version': '0.1'}'
INFO: 2020-12-09 12:45:29,512: _walk_modules() 'Jumble loading module in __init__ from /usr/lib/python3.8/site-packages/variety/plugins/builtin/quotes/__init__.py'
INFO: 2020-12-09 12:45:29,515: _walk_modules() 'Jumble loading module in GoodreadsSource from /usr/lib/python3.8/site-packages/variety/plugins/builtin/quotes/GoodreadsSource.py'
INFO: 2020-12-09 12:45:29,539: load() 'Jumble found plugin class: <class 'GoodreadsSource.GoodreadsSource'>: {'name': 'Goodreads', 'description': 'Fetches quotes from Goodreads.com', 'author': 'Peter Levi', 'version': '0.1'}'
INFO: 2020-12-09 12:45:29,540: _walk_modules() 'Jumble loading module in UrbanDictionarySource from /usr/lib/python3.8/site-packages/variety/plugins/builtin/quotes/UrbanDictionarySource.py'
INFO: 2020-12-09 12:45:29,541: load() 'Jumble found plugin class: <class 'UrbanDictionarySource.UrbanDictionarySource'>: {'name': 'Urban Dictionary', 'description': 'Displays definitions from Urban Dictionary', 'author': 'James Miller', 'version': '0.1'}'
INFO: 2020-12-09 12:45:29,542: _walk_modules() 'Jumble loading module in FortuneSource from /usr/lib/python3.8/site-packages/variety/plugins/builtin/quotes/FortuneSource.py'
INFO: 2020-12-09 12:45:29,543: load() 'Jumble found plugin class: <class 'FortuneSource.FortuneSource'>: {'name': 'UNIX fortune program', 'description': 'Displays quotes using the UNIX fortune program. You may want to install additional fortune packs, e.g. fortunes-bofh-excuses.', 'author': 'Dan Jones', 'version': '0.1'}'
INFO: 2020-12-09 12:45:29,544: _walk_modules() 'Jumble loading module in LocalFilesSource from /usr/lib/python3.8/site-packages/variety/plugins/builtin/quotes/LocalFilesSource.py'
INFO: 2020-12-09 12:45:29,546: load() 'Jumble found plugin class: <class 'LocalFilesSource.LocalFilesSource'>: {'name': 'Local text files', 'description': 'Displays quotes, defined in local text files.\nPut your own txt files in: ~/.config/variety/pluginconfig/quotes/.\nThe file format is:\n\nquote -- author\n.\nsecond quote -- another author\n.\netc...\n\nExample: http://rvelthuis.de/zips/quotes.txt', 'author': 'Peter Levi', 'version': '0.1'}'
INFO: 2020-12-09 12:45:29,547: _walk_modules() 'Jumble loading module in QuotationsPageSource from /usr/lib/python3.8/site-packages/variety/plugins/builtin/quotes/QuotationsPageSource.py'
INFO: 2020-12-09 12:45:29,548: load() 'Jumble found plugin class: <class 'QuotationsPageSource.QuotationsPageSource'>: {'name': 'TheQuotationsPage.com', 'description': 'Fetches quotes from TheQuotationsPage.com', 'author': 'Peter Levi', 'version': '0.1'}'
INFO: 2020-12-09 12:45:29,555: reload_config() 'Creating new downloader for type unsplash, location High-resolution photos from Unsplash.com'
INFO: 2020-12-09 12:45:29,556: reload_config() 'Creating new downloader for type wallhaven, location https://wallhaven.cc/search?q=id%3A711&categories=110&purity=100&atleast=1920x1080&sorting=relevance&order=desc&page=2'
INFO: 2020-12-09 12:45:29,567: log_options() 'Loaded options:'
INFO: 2020-12-09 12:45:29,568: log_options() 'change_enabled = False'
INFO: 2020-12-09 12:45:29,568: log_options() 'change_interval = 300'
INFO: 2020-12-09 12:45:29,568: log_options() 'change_on_start = False'
INFO: 2020-12-09 12:45:29,568: log_options() 'clipboard_enabled = False'
INFO: 2020-12-09 12:45:29,568: log_options() 'clipboard_hosts = ['wallhaven.cc', 'wallpapers.net', 'flickr.com', 'imgur.com', 'deviantart.com', 'interfacelift.com', 'vladstudio.com', 'imageshack.us', 'deviantart.net', 'imageshack.com']'
INFO: 2020-12-09 12:45:29,568: log_options() 'clipboard_use_whitelist = True'
INFO: 2020-12-09 12:45:29,568: log_options() 'clock_date_font = Ubuntu Condensed, 30'
INFO: 2020-12-09 12:45:29,568: log_options() 'clock_enabled = False'
INFO: 2020-12-09 12:45:29,569: log_options() 'clock_filter = -density 100 -font `fc-match -f '%{file[0]}' '%CLOCK_FONT_NAME'` -pointsize %CLOCK_FONT_SIZE -gravity SouthEast -fill '#00000044' -annotate 0x0+[%HOFFSET+58]+[%VOFFSET+108] '%H:%M' -fill white -annotate 0x0+[%HOFFSET+60]+[%VOFFSET+110] '%H:%M' -font `fc-match -f '%{file[0]}' '%DATE_FONT_NAME'` -pointsize %DATE_FONT_SIZE -fill '#00000044' -annotate 0x0+[%HOFFSET+58]+[%VOFFSET+58] '%A, %B %d' -fill white -annotate 0x0+[%HOFFSET+60]+[%VOFFSET+60] '%A, %B %d''
INFO: 2020-12-09 12:45:29,569: log_options() 'clock_font = Ubuntu Condensed, 70'
INFO: 2020-12-09 12:45:29,569: log_options() 'configfile = /home/sid/.config/variety/variety.conf'
INFO: 2020-12-09 12:45:29,569: log_options() 'copyto_enabled = False'
INFO: 2020-12-09 12:45:29,569: log_options() 'copyto_folder = Default'
INFO: 2020-12-09 12:45:29,569: log_options() 'desired_color = [160, 160, 160]'
INFO: 2020-12-09 12:45:29,569: log_options() 'desired_color_enabled = False'
INFO: 2020-12-09 12:45:29,569: log_options() 'download_folder = /home/sid/.config/variety/Downloaded'
INFO: 2020-12-09 12:45:29,569: log_options() 'download_preference_ratio = 0.9'
INFO: 2020-12-09 12:45:29,570: log_options() 'favorites_folder = /home/sid/.config/variety/Favorites'
INFO: 2020-12-09 12:45:29,570: log_options() 'favorites_operations = [['Downloaded', 'Copy'], ['Fetched', 'Move'], ['Others', 'Copy']]'
INFO: 2020-12-09 12:45:29,570: log_options() 'fetched_folder = /home/sid/.config/variety/Fetched'
INFO: 2020-12-09 12:45:29,570: log_options() 'filters = [[False, 'Keep original', ''], [False, 'Grayscale', '-type Grayscale'], [False, 'Heavy blur', '-blur 120x40'], [False, 'Soft blur', '-blur 20x7'], [False, 'Oil painting', '-paint 8'], [False, 'Pointilism', '-spread 10 -noise 3'], [False, 'Pixellate', '-scale 3% -scale 3333%']]'
INFO: 2020-12-09 12:45:29,570: log_options() 'icon = Light'
INFO: 2020-12-09 12:45:29,570: log_options() 'lightness_enabled = False'
INFO: 2020-12-09 12:45:29,570: log_options() 'lightness_mode = 0'
INFO: 2020-12-09 12:45:29,570: log_options() 'min_rating = 4'
INFO: 2020-12-09 12:45:29,571: log_options() 'min_rating_enabled = False'
INFO: 2020-12-09 12:45:29,571: log_options() 'min_size = 80'
INFO: 2020-12-09 12:45:29,571: log_options() 'min_size_enabled = False'
INFO: 2020-12-09 12:45:29,571: log_options() 'quota_enabled = True'
INFO: 2020-12-09 12:45:29,571: log_options() 'quota_size = 1000'
INFO: 2020-12-09 12:45:29,571: log_options() 'quotes_authors = '
INFO: 2020-12-09 12:45:29,571: log_options() 'quotes_bg_color = [80, 80, 80]'
INFO: 2020-12-09 12:45:29,571: log_options() 'quotes_bg_opacity = 55'
INFO: 2020-12-09 12:45:29,571: log_options() 'quotes_change_enabled = False'
INFO: 2020-12-09 12:45:29,571: log_options() 'quotes_change_interval = 300'
INFO: 2020-12-09 12:45:29,572: log_options() 'quotes_disabled_sources = ['Urban Dictionary']'
INFO: 2020-12-09 12:45:29,572: log_options() 'quotes_enabled = False'
INFO: 2020-12-09 12:45:29,572: log_options() 'quotes_favorites_file = /home/sid/.config/variety/favorite_quotes.txt'
INFO: 2020-12-09 12:45:29,572: log_options() 'quotes_font = Bitstream Charter 30'
INFO: 2020-12-09 12:45:29,572: log_options() 'quotes_hpos = 100'
INFO: 2020-12-09 12:45:29,572: log_options() 'quotes_max_length = 250'
INFO: 2020-12-09 12:45:29,572: log_options() 'quotes_tags = '
INFO: 2020-12-09 12:45:29,572: log_options() 'quotes_text_color = [255, 255, 255]'
INFO: 2020-12-09 12:45:29,572: log_options() 'quotes_text_shadow = False'
INFO: 2020-12-09 12:45:29,573: log_options() 'quotes_vpos = 40'
INFO: 2020-12-09 12:45:29,573: log_options() 'quotes_width = 70'
INFO: 2020-12-09 12:45:29,573: log_options() 'safe_mode = False'
INFO: 2020-12-09 12:45:29,573: log_options() 'slideshow_custom_enabled = False'
INFO: 2020-12-09 12:45:29,573: log_options() 'slideshow_custom_folder = /home/sid/Pictures'
INFO: 2020-12-09 12:45:29,573: log_options() 'slideshow_downloads_enabled = False'
INFO: 2020-12-09 12:45:29,573: log_options() 'slideshow_fade = 0.4'
INFO: 2020-12-09 12:45:29,573: log_options() 'slideshow_favorites_enabled = True'
INFO: 2020-12-09 12:45:29,573: log_options() 'slideshow_mode = Fullscreen'
INFO: 2020-12-09 12:45:29,574: log_options() 'slideshow_monitor = All'
INFO: 2020-12-09 12:45:29,574: log_options() 'slideshow_pan = 0.05'
INFO: 2020-12-09 12:45:29,574: log_options() 'slideshow_seconds = 6.0'
INFO: 2020-12-09 12:45:29,574: log_options() 'slideshow_sort_order = Random'
INFO: 2020-12-09 12:45:29,574: log_options() 'slideshow_sources_enabled = True'
INFO: 2020-12-09 12:45:29,574: log_options() 'slideshow_zoom = 0.2'
INFO: 2020-12-09 12:45:29,574: log_options() 'smart_enabled = False'
INFO: 2020-12-09 12:45:29,574: log_options() 'smart_notice_shown = False'
INFO: 2020-12-09 12:45:29,574: log_options() 'smart_register_shown = False'
INFO: 2020-12-09 12:45:29,575: log_options() 'sources = [[False, 'favorites', 'The Favorites folder'], [False, 'fetched', 'The Fetched folder'], [False, 'folder', '/usr/share/backgrounds'], [False, 'flickr', 'user:www.flickr.com/photos/peter-levi/;user_id:93647178@N00;'], [False, 'apod', "NASA's Astronomy Picture of the Day"], [False, 'bing', 'Bing Photo of the Day'], [False, 'earthview', 'Google Earth View Wallpapers'], [True, 'unsplash', 'High-resolution photos from Unsplash.com'], [True, 'wallhaven', 'https://wallhaven.cc/search?q=id%3A711&categories=110&purity=100&atleast=1920x1080&sorting=relevance&order=desc&page=2'], [True, 'folder', '/run/media/sid/Media/Pictures/Wallpapers']]'
INFO: 2020-12-09 12:45:29,575: log_options() 'stats_enabled = True'
INFO: 2020-12-09 12:45:29,575: log_options() 'stats_notice_shown = False'
INFO: 2020-12-09 12:45:29,575: log_options() 'sync_enabled = True'
INFO: 2020-12-09 12:45:29,575: log_options() 'use_landscape_enabled = True'
INFO: 2020-12-09 12:45:29,575: reload_config() 'No need to clear prepared queue'
INFO: 2020-12-09 12:45:29,575: update_indicator() 'Setting file info to: /home/sid/.config/variety/Downloaded/wallhaven_wallhaven_cc_search_q_id_3A711_categories_110_purity_100_atleast_1920x1080_sorting_relevance_order_desc_page_2/wallhaven-zxmorw.jpg'
INFO: 2020-12-09 12:45:29,590: load_last_change_time() 'Change interval < 6 hours, ignore persisted last_change_time, wait initially the whole interval: 300'
INFO: 2020-12-09 12:45:29,590: update_indicator() 'Setting file info to: /home/sid/.config/variety/Downloaded/wallhaven_wallhaven_cc_search_q_id_3A711_categories_110_purity_100_atleast_1920x1080_sorting_relevance_order_desc_page_2/wallhaven-zxmorw.jpg'
INFO: 2020-12-09 12:45:29,592: regular_change_thread() 'regular_change thread running'
INFO: 2020-12-09 12:45:29,592: regular_change_thread() 'regular_change: waiting till user resumes'
INFO: 2020-12-09 12:45:29,593: prepare_thread() 'Prepare thread running'
INFO: 2020-12-09 12:45:29,594: prepare_thread() 'Prepared buffer contains 0 images'
INFO: 2020-12-09 12:45:29,595: prepare_thread() 'Preparing some images'
INFO: 2020-12-09 12:45:29,598: update_indicator_icon() 'Creating indicator'
WARNING: 2020-12-09 12:45:29,616: create_menu() 'Variety Slideshow is not installed. This is an optional extension adding pan-and-zoom slideshows to Variety: see https://github.com/peterlevi/variety-slideshow for details'
INFO: 2020-12-09 12:45:29,617: create_indicator() 'indicator backend: AppIndicator3'
INFO: 2020-12-09 12:45:29,635: set_from_theme_icon() 'Showing indicator icon variety-indicator from GTK theme'
INFO: 2020-12-09 12:45:29,690: do_set_wp() 'Calling do_set_wp with /home/sid/.config/variety/Downloaded/wallhaven_wallhaven_cc_search_q_id_3A711_categories_110_purity_100_atleast_1920x1080_sorting_relevance_order_desc_page_2/wallhaven-zxmorw.jpg, time: 1607498129.6907175'
INFO: 2020-12-09 12:45:29,713: update_indicator() 'Setting file info to: /home/sid/.config/variety/Downloaded/wallhaven_wallhaven_cc_search_q_id_3A711_categories_110_purity_100_atleast_1920x1080_sorting_relevance_order_desc_page_2/wallhaven-zxmorw.jpg'
INFO: 2020-12-09 12:45:29,716: list_files() 'More than 1 files in the folders, stop listing'
INFO: 2020-12-09 12:45:31,093: reload() 'Reloading preferences dialog'
INFO: 2020-12-09 12:45:31,523: prepare_thread() 'After search prepared buffer contains 94 images'
INFO: 2020-12-09 12:45:31,862: set_wallpaper() 'Calling set_wallpaper with /home/sid/.config/variety/Downloaded/wallhaven_wallhaven_cc_search_q_id_3A711_categories_110_purity_100_atleast_1920x1080_sorting_relevance_order_desc_page_2/wallhaven-4ygy2d.jpg'
INFO: 2020-12-09 12:45:31,862: prepare_thread() 'Prepared buffer contains 94 images'
INFO: 2020-12-09 12:45:31,865: do_set_wp() 'Calling do_set_wp with /home/sid/.config/variety/Downloaded/wallhaven_wallhaven_cc_search_q_id_3A711_categories_110_purity_100_atleast_1920x1080_sorting_relevance_order_desc_page_2/wallhaven-4ygy2d.jpg, time: 1607498131.8656938'
INFO: 2020-12-09 12:45:31,905: update_indicator() 'Setting file info to: /home/sid/.config/variety/Downloaded/wallhaven_wallhaven_cc_search_q_id_3A711_categories_110_purity_100_atleast_1920x1080_sorting_relevance_order_desc_page_2/wallhaven-4ygy2d.jpg'
INFO: 2020-12-09 12:45:31,908: list_files() 'More than 1 files in the folders, stop listing'
INFO: 2020-12-09 12:45:33,525: trigger_download() 'Triggering download thread to check if download needed'
INFO: 2020-12-09 12:45:33,526: get_throttling() 'Wallhaven.cc: parsing serverside options'
INFO: 2020-12-09 12:45:33,526: get_throttling() 'Could not parse Wallhaven.cc serverside options, using defaults 360, 40'
INFO: 2020-12-09 12:45:33,527: get_throttling() 'Wallhaven.cc: parsing serverside options'
INFO: 2020-12-09 12:45:33,527: get_throttling() 'Could not parse Wallhaven.cc serverside options, using defaults 360, 40'
INFO: 2020-12-09 12:45:33,527: download_one() 'Wallhaven.cc: Downloading an image, config: https://wallhaven.cc/search?q=id%3A711&categories=110&purity=100&atleast=1920x1080&sorting=relevance&order=desc&page=2'
INFO: 2020-12-09 12:45:33,527: download_one() 'Wallhaven.cc: Queue size: 0'
INFO: 2020-12-09 12:45:33,527: get_throttling() 'Wallhaven.cc: parsing serverside options'
INFO: 2020-12-09 12:45:33,528: get_throttling() 'Could not parse Wallhaven.cc serverside options, using defaults 360, 40'
INFO: 2020-12-09 12:45:33,528: download_one() 'Wallhaven.cc: Filling queue'
INFO: 2020-12-09 12:45:33,528: search() 'Performing wallhaven search: url=https://wallhaven.cc/search?q=id%3A711&categories=110&purity=100&atleast=1920x1080&sorting=relevance&order=desc&page=2'
INFO: 2020-12-09 12:45:33,864: trigger_download() 'Triggering download thread to check if download needed'
INFO: 2020-12-09 12:45:33,865: trigger_download() 'Triggering download thread to check if download needed'
INFO: 2020-12-09 12:45:34,851: fill_queue() '24458 wallpapers in result, using page 7'
INFO: 2020-12-09 12:45:34,851: search() 'Performing wallhaven search: url=https://wallhaven.cc/search?q=id%3A711&categories=110&purity=100&atleast=1920x1080&sorting=relevance&order=desc&page=2&page=7'
INFO: 2020-12-09 12:45:35,291: download_one() 'Wallhaven.cc: Queue populated with 11 URLs'
INFO: 2020-12-09 12:45:35,291: download_queue_item() 'Wallpaper URL: https://wallhaven.cc/w/2ke2jm'
INFO: 2020-12-09 12:45:36,870: download_queue_item() 'Image src URL: https://w.wallhaven.cc/full/2k/wallhaven-2ke2jm.jpg'
INFO: 2020-12-09 12:45:36,872: save_locally() 'Origin URL: https://wallhaven.cc/w/2ke2jm'
INFO: 2020-12-09 12:45:36,872: save_locally() 'Image URL: https://w.wallhaven.cc/full/2k/wallhaven-2ke2jm.jpg'
INFO: 2020-12-09 12:45:36,872: save_locally() 'Local path: /home/sid/.config/variety/Downloaded/wallhaven_wallhaven_cc_search_q_id_3A711_categories_110_purity_100_atleast_1920x1080_sorting_relevance_order_desc_page_2/wallhaven-2ke2jm.jpg'
INFO: 2020-12-09 12:45:39,478: save_locally() 'Download complete'
INFO: 2020-12-09 12:45:39,478: update_indicator() 'Setting file info to: /home/sid/.config/variety/Downloaded/wallhaven_wallhaven_cc_search_q_id_3A711_categories_110_purity_100_atleast_1920x1080_sorting_relevance_order_desc_page_2/wallhaven-4ygy2d.jpg'
INFO: 2020-12-09 12:45:39,482: list_files() 'More than 1 files in the folders, stop listing'
INFO: 2020-12-09 12:45:39,483: download_one_from() 'Adding downloaded file /home/sid/.config/variety/Downloaded/wallhaven_wallhaven_cc_search_q_id_3A711_categories_110_purity_100_atleast_1920x1080_sorting_relevance_order_desc_page_2/wallhaven-2ke2jm.jpg to unseen_downloads'
INFO: 2020-12-09 12:45:42,309: process_command() 'Received command: ['-n']'
INFO: 2020-12-09 12:45:42,311: set_wallpaper() 'Calling set_wallpaper with /home/sid/.config/variety/Downloaded/Unsplash/photo-1589720142733-6b644f063333.jpg'
INFO: 2020-12-09 12:45:42,312: prepare_thread() 'Prepared buffer contains 94 images'
INFO: 2020-12-09 12:45:42,312: do_set_wp() 'Calling do_set_wp with /home/sid/.config/variety/Downloaded/Unsplash/photo-1589720142733-6b644f063333.jpg, time: 1607498142.3129263'
INFO: 2020-12-09 12:45:42,326: update_indicator() 'Setting file info to: /home/sid/.config/variety/Downloaded/Unsplash/photo-1589720142733-6b644f063333.jpg'
INFO: 2020-12-09 12:45:42,327: list_files() 'More than 1 files in the folders, stop listing'
INFO: 2020-12-09 12:45:44,312: trigger_download() 'Triggering download thread to check if download needed'
INFO: 2020-12-09 12:45:44,313: trigger_download() 'Triggering download thread to check if download needed'
INFO: 2020-12-09 12:45:44,314: get_throttling() 'Unsplash.com: parsing serverside options'
INFO: 2020-12-09 12:45:44,314: get_throttling() 'Could not parse Unsplash.com serverside options, using defaults 10, 1'
INFO: 2020-12-09 12:45:44,314: get_throttling() 'Unsplash.com: parsing serverside options'
INFO: 2020-12-09 12:45:44,315: get_throttling() 'Could not parse Unsplash.com serverside options, using defaults 10, 1'
INFO: 2020-12-09 12:45:44,315: download_one() 'Unsplash.com: Downloading an image, config: None'
INFO: 2020-12-09 12:45:44,315: download_one() 'Unsplash.com: Queue size: 0'
INFO: 2020-12-09 12:45:44,315: get_throttling() 'Unsplash.com: parsing serverside options'
INFO: 2020-12-09 12:45:44,315: get_throttling() 'Could not parse Unsplash.com serverside options, using defaults 10, 1'
INFO: 2020-12-09 12:45:44,315: download_one() 'Unsplash.com: Filling queue'
INFO: 2020-12-09 12:45:44,316: fill_queue() 'Filling Unsplash queue from https://api.unsplash.com/photos/random?count=30&client_id=072e5048dfcb73a8d9ad59fcf402471518ff8df725df462b0c4fa665f466515a&orientation=landscape'
INFO: 2020-12-09 12:45:45,182: download_one() 'Unsplash.com: Queue populated with 30 URLs'
INFO: 2020-12-09 12:45:45,182: save_locally() 'Origin URL: https://unsplash.com/photos/CdthQN0DDeU?utm_source=Variety+Wallpaper+Changer&utm_medium=referral'
INFO: 2020-12-09 12:45:45,182: save_locally() 'Image URL: https://images.unsplash.com/photo-1601673730740-f108c84c8215?crop=entropy&cs=srgb&fm=jpg&ixid=MXwxMjIxfDB8MXxyYW5kb218fHx8fHx8fA&ixlib=rb-1.2.1&q=85&w=2304'
INFO: 2020-12-09 12:45:45,182: save_locally() 'Local path: /home/sid/.config/variety/Downloaded/Unsplash/photo-1601673730740-f108c84c8215.jpg'
INFO: 2020-12-09 12:45:45,477: process_command() 'Received command: ['-n']'
INFO: 2020-12-09 12:45:45,480: set_wallpaper() 'Calling set_wallpaper with /home/sid/.config/variety/Downloaded/wallhaven_wallhaven_cc_search_q_id_3A711_categories_110_purity_100_atleast_1920x1080_sorting_relevance_order_desc_page_2/wallhaven-4l8lvl.jpg'
INFO: 2020-12-09 12:45:45,480: prepare_thread() 'Prepared buffer contains 94 images'
INFO: 2020-12-09 12:45:45,481: do_set_wp() 'Calling do_set_wp with /home/sid/.config/variety/Downloaded/wallhaven_wallhaven_cc_search_q_id_3A711_categories_110_purity_100_atleast_1920x1080_sorting_relevance_order_desc_page_2/wallhaven-4l8lvl.jpg, time: 1607498145.4814117'
INFO: 2020-12-09 12:45:45,495: update_indicator() 'Setting file info to: /home/sid/.config/variety/Downloaded/wallhaven_wallhaven_cc_search_q_id_3A711_categories_110_purity_100_atleast_1920x1080_sorting_relevance_order_desc_page_2/wallhaven-4l8lvl.jpg'
INFO: 2020-12-09 12:45:45,497: list_files() 'More than 1 files in the folders, stop listing'
INFO: 2020-12-09 12:45:46,716: save_locally() 'Download complete'
INFO: 2020-12-09 12:45:46,717: update_indicator() 'Setting file info to: /home/sid/.config/variety/Downloaded/wallhaven_wallhaven_cc_search_q_id_3A711_categories_110_purity_100_atleast_1920x1080_sorting_relevance_order_desc_page_2/wallhaven-4l8lvl.jpg'
INFO: 2020-12-09 12:45:46,718: list_files() 'More than 1 files in the folders, stop listing'
INFO: 2020-12-09 12:45:46,718: download_one_from() 'Adding downloaded file /home/sid/.config/variety/Downloaded/Unsplash/photo-1601673730740-f108c84c8215.jpg to unseen_downloads'
INFO: 2020-12-09 12:45:47,062: process_command() 'Received command: ['-n']'
INFO: 2020-12-09 12:45:47,066: set_wallpaper() 'Calling set_wallpaper with /home/sid/.config/variety/Downloaded/wallhaven_wallhaven_cc_search_q_id_3A711_categories_110_purity_100_atleast_1920x1080_sorting_relevance_order_desc_page_2/wallhaven-vmky6m.jpg'
INFO: 2020-12-09 12:45:47,066: prepare_thread() 'Prepared buffer contains 94 images'
INFO: 2020-12-09 12:45:47,080: do_set_wp() 'Calling do_set_wp with /home/sid/.config/variety/Downloaded/wallhaven_wallhaven_cc_search_q_id_3A711_categories_110_purity_100_atleast_1920x1080_sorting_relevance_order_desc_page_2/wallhaven-vmky6m.jpg, time: 1607498147.0808005'
INFO: 2020-12-09 12:45:47,102: update_indicator() 'Setting file info to: /home/sid/.config/variety/Downloaded/wallhaven_wallhaven_cc_search_q_id_3A711_categories_110_purity_100_atleast_1920x1080_sorting_relevance_order_desc_page_2/wallhaven-vmky6m.jpg'
INFO: 2020-12-09 12:45:47,104: list_files() 'More than 1 files in the folders, stop listing'
INFO: 2020-12-09 12:45:47,481: trigger_download() 'Triggering download thread to check if download needed'
INFO: 2020-12-09 12:45:47,482: trigger_download() 'Triggering download thread to check if download needed'
INFO: 2020-12-09 12:45:47,722: get_throttling() 'Wallhaven.cc: parsing serverside options'
INFO: 2020-12-09 12:45:47,722: get_throttling() 'Could not parse Wallhaven.cc serverside options, using defaults 360, 40'
INFO: 2020-12-09 12:45:47,722: get_throttling() 'Wallhaven.cc: parsing serverside options'
INFO: 2020-12-09 12:45:47,722: get_throttling() 'Could not parse Wallhaven.cc serverside options, using defaults 360, 40'
INFO: 2020-12-09 12:45:47,723: download_one() 'Wallhaven.cc: Downloading an image, config: https://wallhaven.cc/search?q=id%3A711&categories=110&purity=100&atleast=1920x1080&sorting=relevance&order=desc&page=2'
INFO: 2020-12-09 12:45:47,723: download_one() 'Wallhaven.cc: Queue size: 10'
INFO: 2020-12-09 12:45:47,723: download_one() 'Wallhaven.cc: Queue populated with 10 URLs'
INFO: 2020-12-09 12:45:47,723: download_queue_item() 'Wallpaper URL: https://wallhaven.cc/w/0p9xw9'
INFO: 2020-12-09 12:45:48,955: download_queue_item() 'Image src URL: https://w.wallhaven.cc/full/0p/wallhaven-0p9xw9.jpg'
INFO: 2020-12-09 12:45:48,957: save_locally() 'Origin URL: https://wallhaven.cc/w/0p9xw9'
INFO: 2020-12-09 12:45:48,957: save_locally() 'Image URL: https://w.wallhaven.cc/full/0p/wallhaven-0p9xw9.jpg'
INFO: 2020-12-09 12:45:48,957: save_locally() 'Local path: /home/sid/.config/variety/Downloaded/wallhaven_wallhaven_cc_search_q_id_3A711_categories_110_purity_100_atleast_1920x1080_sorting_relevance_order_desc_page_2/wallhaven-0p9xw9.jpg'
INFO: 2020-12-09 12:45:49,068: trigger_download() 'Triggering download thread to check if download needed'
INFO: 2020-12-09 12:45:49,068: trigger_download() 'Triggering download thread to check if download needed'
INFO: 2020-12-09 12:45:49,607: server_options_thread() 'Fetching server options from http://tiny.cc/variety-options-063'
INFO: 2020-12-09 12:45:49,734: process_command() 'Received command: ['-n']'
INFO: 2020-12-09 12:45:49,737: set_wallpaper() 'Calling set_wallpaper with /home/sid/.config/variety/Downloaded/Unsplash/photo-1593300882494-ff56870d3559.jpg'
INFO: 2020-12-09 12:45:49,737: prepare_thread() 'Prepared buffer contains 94 images'
INFO: 2020-12-09 12:45:49,738: do_set_wp() 'Calling do_set_wp with /home/sid/.config/variety/Downloaded/Unsplash/photo-1593300882494-ff56870d3559.jpg, time: 1607498149.7387047'
INFO: 2020-12-09 12:45:49,752: update_indicator() 'Setting file info to: /home/sid/.config/variety/Downloaded/Unsplash/photo-1593300882494-ff56870d3559.jpg'
INFO: 2020-12-09 12:45:49,754: list_files() 'More than 1 files in the folders, stop listing'
INFO: 2020-12-09 12:45:51,132: save_locally() 'Download complete'
INFO: 2020-12-09 12:45:51,133: update_indicator() 'Setting file info to: /home/sid/.config/variety/Downloaded/Unsplash/photo-1593300882494-ff56870d3559.jpg'
INFO: 2020-12-09 12:45:51,134: list_files() 'More than 1 files in the folders, stop listing'
INFO: 2020-12-09 12:45:51,135: download_one_from() 'Adding downloaded file /home/sid/.config/variety/Downloaded/wallhaven_wallhaven_cc_search_q_id_3A711_categories_110_purity_100_atleast_1920x1080_sorting_relevance_order_desc_page_2/wallhaven-0p9xw9.jpg to unseen_downloads'
INFO: 2020-12-09 12:45:51,738: trigger_download() 'Triggering download thread to check if download needed'
INFO: 2020-12-09 12:45:51,738: trigger_download() 'Triggering download thread to check if download needed'
INFO: 2020-12-09 12:45:52,137: get_throttling() 'Unsplash.com: parsing serverside options'
INFO: 2020-12-09 12:45:52,137: get_throttling() 'Could not parse Unsplash.com serverside options, using defaults 10, 1'
INFO: 2020-12-09 12:45:52,137: get_throttling() 'Unsplash.com: parsing serverside options'
INFO: 2020-12-09 12:45:52,137: get_throttling() 'Could not parse Unsplash.com serverside options, using defaults 10, 1'
INFO: 2020-12-09 12:45:52,137: download_one() 'Unsplash.com: Downloading an image, config: None'
INFO: 2020-12-09 12:45:52,137: download_one() 'Unsplash.com: Queue size: 29'
INFO: 2020-12-09 12:45:52,137: download_one() 'Unsplash.com: Queue populated with 29 URLs'
INFO: 2020-12-09 12:45:52,137: save_locally() 'Origin URL: https://unsplash.com/photos/mM_SlewjVnI?utm_source=Variety+Wallpaper+Changer&utm_medium=referral'
INFO: 2020-12-09 12:45:52,137: save_locally() 'Image URL: https://images.unsplash.com/photo-1603751514829-2925b6a627f6?crop=entropy&cs=srgb&fm=jpg&ixid=MXwxMjIxfDB8MXxyYW5kb218fHx8fHx8fA&ixlib=rb-1.2.1&q=85&w=2304'
INFO: 2020-12-09 12:45:52,138: save_locally() 'Local path: /home/sid/.config/variety/Downloaded/Unsplash/photo-1603751514829-2925b6a627f6.jpg'
INFO: 2020-12-09 12:45:52,181: process_command() 'Received command: ['-n']'
INFO: 2020-12-09 12:45:52,185: set_wallpaper() 'Calling set_wallpaper with /home/sid/.config/variety/Downloaded/Unsplash/photo-1574379802181-a840b87b0580.jpg'
INFO: 2020-12-09 12:45:52,185: prepare_thread() 'Prepared buffer contains 94 images'
INFO: 2020-12-09 12:45:52,207: do_set_wp() 'Calling do_set_wp with /home/sid/.config/variety/Downloaded/Unsplash/photo-1574379802181-a840b87b0580.jpg, time: 1607498152.2074692'
INFO: 2020-12-09 12:45:52,244: update_indicator() 'Setting file info to: /home/sid/.config/variety/Downloaded/Unsplash/photo-1574379802181-a840b87b0580.jpg'
INFO: 2020-12-09 12:45:52,245: list_files() 'More than 1 files in the folders, stop listing'
INFO: 2020-12-09 12:45:53,137: server_options_thread() 'Fetched server options: {'flickr': {'min_fill_queue_interval': 1200, 'min_download_interval': 1200}, 'wallbase': {'min_fill_queue_interval': 1800, 'min_download_interval': 1800}, 'wallhaven': {'min_fill_queue_interval': 1800, 'min_download_interval': 1800}, 'wallpapers.net': {'min_fill_queue_interval': 601, 'min_download_interval': 0}, 'unsplash': {'min_fill_queue_interval': 20000000000, 'min_download_interval': 20000000000}, 'unsplash_v2': {'min_fill_queue_interval': 2000, 'min_download_interval': 1200}, 'status_message': {'0.0.1': '', '*': ''}}'
INFO: 2020-12-09 12:45:54,134: process_command() 'Received command: ['-n']'
INFO: 2020-12-09 12:45:54,138: set_wallpaper() 'Calling set_wallpaper with /run/media/sid/Media/Pictures/Wallpapers/Awesome 4k wallpapers/Marine/surin-islands-3504x2336-thailand-south-china-sea-whale-diving-tourism-1207.jpg'
INFO: 2020-12-09 12:45:54,138: prepare_thread() 'Prepared buffer contains 93 images'
INFO: 2020-12-09 12:45:54,138: do_set_wp() 'Calling do_set_wp with /run/media/sid/Media/Pictures/Wallpapers/Awesome 4k wallpapers/Marine/surin-islands-3504x2336-thailand-south-china-sea-whale-diving-tourism-1207.jpg, time: 1607498154.1387112'
INFO: 2020-12-09 12:45:54,151: update_indicator() 'Setting file info to: /run/media/sid/Media/Pictures/Wallpapers/Awesome 4k wallpapers/Marine/surin-islands-3504x2336-thailand-south-china-sea-whale-diving-tourism-1207.jpg'
INFO: 2020-12-09 12:45:54,152: list_files() 'More than 1 files in the folders, stop listing'
INFO: 2020-12-09 12:45:54,197: trigger_download() 'Triggering download thread to check if download needed'
INFO: 2020-12-09 12:45:54,197: trigger_download() 'Triggering download thread to check if download needed'
INFO: 2020-12-09 12:45:55,166: save_locally() 'Download complete'
INFO: 2020-12-09 12:45:55,166: update_indicator() 'Setting file info to: /run/media/sid/Media/Pictures/Wallpapers/Awesome 4k wallpapers/Marine/surin-islands-3504x2336-thailand-south-china-sea-whale-diving-tourism-1207.jpg'
INFO: 2020-12-09 12:45:55,170: list_files() 'More than 1 files in the folders, stop listing'
INFO: 2020-12-09 12:45:55,170: download_one_from() 'Adding downloaded file /home/sid/.config/variety/Downloaded/Unsplash/photo-1603751514829-2925b6a627f6.jpg to unseen_downloads'
INFO: 2020-12-09 12:45:56,139: trigger_download() 'Triggering download thread to check if download needed'
INFO: 2020-12-09 12:45:56,173: get_throttling() 'Unsplash.com: parsing serverside options'
INFO: 2020-12-09 12:45:56,173: get_throttling() 'Unsplash.com serverside options: {'min_fill_queue_interval': 2000, 'min_download_interval': 1200}'
INFO: 2020-12-09 12:45:56,173: get_throttling() 'Unsplash.com: parsing serverside options'
INFO: 2020-12-09 12:45:56,174: get_throttling() 'Unsplash.com serverside options: {'min_fill_queue_interval': 2000, 'min_download_interval': 1200}'
INFO: 2020-12-09 12:45:56,174: download_one() 'Unsplash.com: Downloading an image, config: None'
INFO: 2020-12-09 12:45:56,174: download_one() 'Unsplash.com: Queue size: 28'
INFO: 2020-12-09 12:45:56,174: download_one() 'Unsplash.com: Queue populated with 28 URLs'
INFO: 2020-12-09 12:45:56,175: save_locally() 'Origin URL: https://unsplash.com/photos/BAOuq3FsgwI?utm_source=Variety+Wallpaper+Changer&utm_medium=referral'
INFO: 2020-12-09 12:45:56,175: save_locally() 'Image URL: https://images.unsplash.com/photo-1579064124002-ffb8e8c132c3?crop=entropy&cs=srgb&fm=jpg&ixid=MXwxMjIxfDB8MXxyYW5kb218fHx8fHx8fA&ixlib=rb-1.2.1&q=85&w=2304'
INFO: 2020-12-09 12:45:56,175: save_locally() 'Local path: /home/sid/.config/variety/Downloaded/Unsplash/photo-1579064124002-ffb8e8c132c3.jpg'
INFO: 2020-12-09 12:45:57,308: process_command() 'Received command: ['-n']'
INFO: 2020-12-09 12:45:57,311: set_wallpaper() 'Calling set_wallpaper with /home/sid/.config/variety/Downloaded/wallhaven_wallhaven_cc_search_q_id_3A711_categories_110_purity_100_atleast_1920x1080_sorting_relevance_order_desc_page_2/wallhaven-0p9xw9.jpg'
INFO: 2020-12-09 12:45:57,312: prepare_thread() 'Prepared buffer contains 93 images'
INFO: 2020-12-09 12:45:57,324: do_set_wp() 'Calling do_set_wp with /home/sid/.config/variety/Downloaded/wallhaven_wallhaven_cc_search_q_id_3A711_categories_110_purity_100_atleast_1920x1080_sorting_relevance_order_desc_page_2/wallhaven-0p9xw9.jpg, time: 1607498157.3241065'
INFO: 2020-12-09 12:45:57,343: update_indicator() 'Setting file info to: /home/sid/.config/variety/Downloaded/wallhaven_wallhaven_cc_search_q_id_3A711_categories_110_purity_100_atleast_1920x1080_sorting_relevance_order_desc_page_2/wallhaven-0p9xw9.jpg'
INFO: 2020-12-09 12:45:57,345: list_files() 'More than 1 files in the folders, stop listing'
INFO: 2020-12-09 12:45:58,880: process_command() 'Received command: ['-n']'
INFO: 2020-12-09 12:45:58,884: set_wallpaper() 'Calling set_wallpaper with /home/sid/.config/variety/Downloaded/wallhaven_wallhaven_cc_search_q_id_3A711_categories_110_purity_100_atleast_1920x1080_sorting_relevance_order_desc_page_2/wallhaven-6kg776.jpg'
INFO: 2020-12-09 12:45:58,884: prepare_thread() 'Prepared buffer contains 93 images'
INFO: 2020-12-09 12:45:58,885: do_set_wp() 'Calling do_set_wp with /home/sid/.config/variety/Downloaded/wallhaven_wallhaven_cc_search_q_id_3A711_categories_110_purity_100_atleast_1920x1080_sorting_relevance_order_desc_page_2/wallhaven-6kg776.jpg, time: 1607498158.8855217'
INFO: 2020-12-09 12:45:58,906: update_indicator() 'Setting file info to: /home/sid/.config/variety/Downloaded/wallhaven_wallhaven_cc_search_q_id_3A711_categories_110_purity_100_atleast_1920x1080_sorting_relevance_order_desc_page_2/wallhaven-6kg776.jpg'
INFO: 2020-12-09 12:45:58,908: list_files() 'More than 1 files in the folders, stop listing'
INFO: 2020-12-09 12:45:59,125: save_locally() 'Download complete'
INFO: 2020-12-09 12:45:59,125: update_indicator() 'Setting file info to: /home/sid/.config/variety/Downloaded/wallhaven_wallhaven_cc_search_q_id_3A711_categories_110_purity_100_atleast_1920x1080_sorting_relevance_order_desc_page_2/wallhaven-6kg776.jpg'
INFO: 2020-12-09 12:45:59,132: list_files() 'More than 1 files in the folders, stop listing'
INFO: 2020-12-09 12:45:59,135: download_one_from() 'Adding downloaded file /home/sid/.config/variety/Downloaded/Unsplash/photo-1579064124002-ffb8e8c132c3.jpg to unseen_downloads'
INFO: 2020-12-09 12:45:59,317: trigger_download() 'Triggering download thread to check if download needed'
INFO: 2020-12-09 12:45:59,320: trigger_download() 'Triggering download thread to check if download needed'
INFO: 2020-12-09 12:46:00,137: get_throttling() 'Wallhaven.cc: parsing serverside options'
INFO: 2020-12-09 12:46:00,138: get_throttling() 'Wallhaven.cc serverside options: {'min_fill_queue_interval': 1800, 'min_download_interval': 1800}'
INFO: 2020-12-09 12:46:00,138: get_throttling() 'Wallhaven.cc: parsing serverside options'
INFO: 2020-12-09 12:46:00,138: get_throttling() 'Wallhaven.cc serverside options: {'min_fill_queue_interval': 1800, 'min_download_interval': 1800}'
INFO: 2020-12-09 12:46:00,138: download_one() 'Wallhaven.cc: Downloading an image, config: https://wallhaven.cc/search?q=id%3A711&categories=110&purity=100&atleast=1920x1080&sorting=relevance&order=desc&page=2'
INFO: 2020-12-09 12:46:00,138: download_one() 'Wallhaven.cc: Queue size: 9'
INFO: 2020-12-09 12:46:00,139: download_one() 'Wallhaven.cc: Queue populated with 9 URLs'
INFO: 2020-12-09 12:46:00,139: download_queue_item() 'Wallpaper URL: https://wallhaven.cc/w/4lgxzq'
INFO: 2020-12-09 12:46:00,885: trigger_download() 'Triggering download thread to check if download needed'
INFO: 2020-12-09 12:46:00,885: trigger_download() 'Triggering download thread to check if download needed'
INFO: 2020-12-09 12:46:01,405: download_queue_item() 'Image src URL: https://w.wallhaven.cc/full/4l/wallhaven-4lgxzq.jpg'
INFO: 2020-12-09 12:46:01,407: save_locally() 'Origin URL: https://wallhaven.cc/w/4lgxzq'
INFO: 2020-12-09 12:46:01,407: save_locally() 'Image URL: https://w.wallhaven.cc/full/4l/wallhaven-4lgxzq.jpg'
INFO: 2020-12-09 12:46:01,407: save_locally() 'Local path: /home/sid/.config/variety/Downloaded/wallhaven_wallhaven_cc_search_q_id_3A711_categories_110_purity_100_atleast_1920x1080_sorting_relevance_order_desc_page_2/wallhaven-4lgxzq.jpg'
INFO: 2020-12-09 12:46:03,809: save_locally() 'Download complete'
INFO: 2020-12-09 12:46:03,810: update_indicator() 'Setting file info to: /home/sid/.config/variety/Downloaded/wallhaven_wallhaven_cc_search_q_id_3A711_categories_110_purity_100_atleast_1920x1080_sorting_relevance_order_desc_page_2/wallhaven-6kg776.jpg'
INFO: 2020-12-09 12:46:03,811: list_files() 'More than 1 files in the folders, stop listing'
INFO: 2020-12-09 12:46:03,815: download_one_from() 'Adding downloaded file /home/sid/.config/variety/Downloaded/wallhaven_wallhaven_cc_search_q_id_3A711_categories_110_purity_100_atleast_1920x1080_sorting_relevance_order_desc_page_2/wallhaven-4lgxzq.jpg to unseen_downloads'
INFO: 2020-12-09 12:46:04,817: get_throttling() 'Wallhaven.cc: parsing serverside options'
INFO: 2020-12-09 12:46:04,818: get_throttling() 'Wallhaven.cc serverside options: {'min_fill_queue_interval': 1800, 'min_download_interval': 1800}'
INFO: 2020-12-09 12:46:04,818: get_throttling() 'Wallhaven.cc: parsing serverside options'
INFO: 2020-12-09 12:46:04,818: get_throttling() 'Wallhaven.cc serverside options: {'min_fill_queue_interval': 1800, 'min_download_interval': 1800}'
INFO: 2020-12-09 12:46:04,818: download_one() 'Wallhaven.cc: Downloading an image, config: https://wallhaven.cc/search?q=id%3A711&categories=110&purity=100&atleast=1920x1080&sorting=relevance&order=desc&page=2'
INFO: 2020-12-09 12:46:04,818: download_one() 'Wallhaven.cc: Queue size: 8'
INFO: 2020-12-09 12:46:04,818: download_one() 'Wallhaven.cc: Queue populated with 8 URLs'
INFO: 2020-12-09 12:46:04,818: download_queue_item() 'Wallpaper URL: https://wallhaven.cc/w/mp72pm'
INFO: 2020-12-09 12:46:06,362: download_queue_item() 'Image src URL: https://w.wallhaven.cc/full/mp/wallhaven-mp72pm.jpg'
INFO: 2020-12-09 12:46:06,364: save_locally() 'Origin URL: https://wallhaven.cc/w/mp72pm'
INFO: 2020-12-09 12:46:06,364: save_locally() 'Image URL: https://w.wallhaven.cc/full/mp/wallhaven-mp72pm.jpg'
INFO: 2020-12-09 12:46:06,364: save_locally() 'Local path: /home/sid/.config/variety/Downloaded/wallhaven_wallhaven_cc_search_q_id_3A711_categories_110_purity_100_atleast_1920x1080_sorting_relevance_order_desc_page_2/wallhaven-mp72pm.jpg'
INFO: 2020-12-09 12:46:10,206: save_locally() 'Download complete'
INFO: 2020-12-09 12:46:10,206: update_indicator() 'Setting file info to: /home/sid/.config/variety/Downloaded/wallhaven_wallhaven_cc_search_q_id_3A711_categories_110_purity_100_atleast_1920x1080_sorting_relevance_order_desc_page_2/wallhaven-6kg776.jpg'
INFO: 2020-12-09 12:46:10,209: list_files() 'More than 1 files in the folders, stop listing'
INFO: 2020-12-09 12:46:10,211: download_one_from() 'Adding downloaded file /home/sid/.config/variety/Downloaded/wallhaven_wallhaven_cc_search_q_id_3A711_categories_110_purity_100_atleast_1920x1080_sorting_relevance_order_desc_page_2/wallhaven-mp72pm.jpg to unseen_downloads'
INFO: 2020-12-09 12:46:11,214: get_throttling() 'Wallhaven.cc: parsing serverside options'
INFO: 2020-12-09 12:46:11,214: get_throttling() 'Wallhaven.cc serverside options: {'min_fill_queue_interval': 1800, 'min_download_interval': 1800}'
INFO: 2020-12-09 12:46:11,214: get_throttling() 'Wallhaven.cc: parsing serverside options'
INFO: 2020-12-09 12:46:11,214: get_throttling() 'Wallhaven.cc serverside options: {'min_fill_queue_interval': 1800, 'min_download_interval': 1800}'
INFO: 2020-12-09 12:46:11,215: download_one() 'Wallhaven.cc: Downloading an image, config: https://wallhaven.cc/search?q=id%3A711&categories=110&purity=100&atleast=1920x1080&sorting=relevance&order=desc&page=2'
INFO: 2020-12-09 12:46:11,215: download_one() 'Wallhaven.cc: Queue size: 7'
INFO: 2020-12-09 12:46:11,215: download_one() 'Wallhaven.cc: Queue populated with 7 URLs'
INFO: 2020-12-09 12:46:11,215: download_queue_item() 'Wallpaper URL: https://wallhaven.cc/w/nzl9yg'
INFO: 2020-12-09 12:46:12,467: download_queue_item() 'Image src URL: https://w.wallhaven.cc/full/nz/wallhaven-nzl9yg.jpg'
INFO: 2020-12-09 12:46:12,469: save_locally() 'Origin URL: https://wallhaven.cc/w/nzl9yg'
INFO: 2020-12-09 12:46:12,469: save_locally() 'Image URL: https://w.wallhaven.cc/full/nz/wallhaven-nzl9yg.jpg'
INFO: 2020-12-09 12:46:12,470: save_locally() 'Local path: /home/sid/.config/variety/Downloaded/wallhaven_wallhaven_cc_search_q_id_3A711_categories_110_purity_100_atleast_1920x1080_sorting_relevance_order_desc_page_2/wallhaven-nzl9yg.jpg'
INFO: 2020-12-09 12:46:16,287: save_locally() 'Download complete'
INFO: 2020-12-09 12:46:16,287: update_indicator() 'Setting file info to: /home/sid/.config/variety/Downloaded/wallhaven_wallhaven_cc_search_q_id_3A711_categories_110_purity_100_atleast_1920x1080_sorting_relevance_order_desc_page_2/wallhaven-6kg776.jpg'
INFO: 2020-12-09 12:46:16,291: list_files() 'More than 1 files in the folders, stop listing'
INFO: 2020-12-09 12:46:16,291: download_one_from() 'Adding downloaded file /home/sid/.config/variety/Downloaded/wallhaven_wallhaven_cc_search_q_id_3A711_categories_110_purity_100_atleast_1920x1080_sorting_relevance_order_desc_page_2/wallhaven-nzl9yg.jpg to unseen_downloads'
